SF:lib\src\open_meteo_api_client.dart
DA:25,1
DA:26,1
DA:34,1
DA:35,1
DA:38,1
DA:41,2
DA:43,2
DA:44,1
DA:47,2
DA:49,2
DA:51,1
DA:53,2
DA:55,2
DA:59,1
DA:63,2
DA:64,1
DA:65,1
DA:69,2
DA:71,2
DA:72,1
DA:75,2
DA:77,1
DA:78,1
DA:81,1
DA:83,1
LF:25
LH:25
end_of_record
SF:lib\src\models\location\location.dart
DA:7,2
DA:13,2
DA:14,2
LF:3
LH:3
end_of_record
SF:lib\src\models\location\location.g.dart
DA:9,4
DA:10,2
DA:11,2
DA:12,4
DA:13,4
DA:16,0
DA:17,0
DA:18,0
DA:19,0
DA:20,0
LF:10
LH:5
end_of_record
SF:lib\src\models\weather\weather.dart
DA:7,2
DA:8,2
DA:9,2
LF:3
LH:3
end_of_record
SF:lib\src\models\weather\weather.g.dart
DA:9,4
DA:10,4
DA:11,4
DA:14,0
DA:15,0
DA:16,0
LF:6
LH:3
end_of_record
