SF:lib\theme\cubit\them_cubit.dart
DA:9,2
DA:13,1
DA:14,2
DA:17,1
DA:19,3
DA:22,1
DA:24,3
DA:29,1
DA:30,1
DA:31,1
DA:33,1
DA:35,1
DA:37,1
DA:39,1
LF:14
LH:14
end_of_record
SF:lib\weather\models\weather.dart
DA:12,0
DA:13,2
DA:18,3
DA:20,0
DA:21,0
DA:25,2
DA:27,0
DA:28,0
DA:33,1
DA:40,0
DA:41,0
DA:43,0
DA:44,0
DA:45,0
DA:46,0
DA:47,0
DA:48,0
DA:52,3
DA:54,1
DA:64,0
DA:65,0
DA:67,2
DA:69,0
DA:75,0
DA:76,0
DA:77,0
DA:78,0
DA:79,0
LF:28
LH:7
end_of_record
SF:lib\weather\models\weather.g.dart
DA:9,0
DA:10,0
DA:13,1
DA:14,1
DA:15,1
DA:18,0
DA:19,0
DA:20,0
DA:21,0
DA:23,0
DA:26,2
DA:27,2
DA:28,2
DA:29,1
DA:30,1
LF:15
LH:8
end_of_record
SF:lib\search\search.dart
DA:4,2
DA:6,1
DA:7,2
DA:10,1
DA:11,1
DA:17,3
DA:19,1
DA:21,2
DA:22,1
DA:25,1
DA:27,1
DA:28,1
DA:29,1
DA:30,1
DA:31,1
DA:32,1
DA:34,1
DA:35,1
DA:43,1
DA:46,4
LF:20
LH:20
end_of_record
SF:lib\settings\setting_page.dart
DA:8,2
DA:10,1
DA:11,1
DA:12,2
DA:19,1
DA:21,1
DA:22,1
DA:23,1
DA:24,1
DA:25,1
DA:26,0
DA:27,0
DA:28,1
DA:29,1
DA:35,1
DA:36,2
DA:37,0
LF:17
LH:14
end_of_record
SF:lib\weather\cubit\weather_cubit.dart
DA:12,3
DA:16,0
DA:17,0
DA:19,0
DA:22,0
DA:23,0
DA:25,0
DA:26,0
DA:27,0
DA:28,0
DA:30,0
DA:31,0
DA:34,0
DA:37,0
DA:38,0
DA:42,0
DA:43,0
DA:44,0
DA:46,0
DA:47,0
DA:49,0
DA:50,0
DA:51,0
DA:52,0
DA:54,0
DA:55,0
DA:58,0
DA:61,0
DA:62,0
DA:66,0
DA:67,0
DA:71,0
DA:72,0
DA:76,0
DA:77,0
DA:78,0
DA:79,0
DA:80,0
DA:81,0
DA:82,0
DA:83,0
DA:85,0
DA:91,1
DA:93,1
DA:95,1
DA:96,1
DA:100,0
DA:101,0
LF:48
LH:5
end_of_record
SF:lib\weather\cubit\weather_state.dart
DA:6,0
DA:7,0
DA:8,2
DA:9,0
DA:14,1
DA:18,1
DA:20,1
DA:21,1
DA:27,0
DA:32,0
DA:33,0
DA:34,0
DA:35,0
DA:39,2
DA:41,0
DA:42,0
LF:16
LH:6
end_of_record
SF:lib\weather\cubit\weather_cubit.g.dart
DA:9,2
DA:10,2
DA:12,1
DA:13,1
DA:15,1
DA:18,1
DA:19,1
DA:20,2
DA:21,1
DA:22,2
LF:10
LH:10
end_of_record
SF:lib\weather\weather_page.dart
DA:10,1
DA:12,1
DA:14,1
DA:15,3
DA:22,3
DA:24,1
DA:25,1
DA:29,1
DA:31,1
DA:32,1
DA:34,1
DA:35,1
DA:37,1
DA:38,2
DA:39,1
DA:40,1
DA:47,1
DA:48,1
DA:49,1
DA:50,2
DA:51,3
DA:54,1
DA:55,1
DA:56,1
DA:58,1
DA:60,1
DA:61,1
DA:62,1
DA:63,1
DA:64,1
DA:65,2
DA:68,1
DA:74,1
DA:76,1
DA:77,3
DA:78,1
DA:79,2
LF:37
LH:37
end_of_record
SF:lib\weather\weather_widget\weather_empty.dart
DA:4,2
DA:6,1
DA:8,1
DA:9,1
DA:11,1
DA:13,1
DA:15,2
LF:7
LH:7
end_of_record
SF:lib\weather\weather_widget\weather_error.dart
DA:4,2
DA:6,1
DA:8,1
DA:9,1
DA:11,1
DA:13,1
DA:15,2
LF:7
LH:7
end_of_record
SF:lib\weather\weather_widget\weather_loading.dart
DA:4,2
DA:6,1
DA:8,1
DA:9,1
DA:11,1
DA:13,1
DA:15,2
LF:7
LH:7
end_of_record
SF:lib\weather\weather_widget\weather_populated.dart
DA:5,1
DA:16,1
DA:18,1
DA:19,1
DA:20,1
DA:21,1
DA:22,1
DA:23,1
DA:24,1
DA:27,1
DA:28,1
DA:29,1
DA:31,3
DA:32,1
DA:33,2
DA:34,3
DA:38,1
DA:39,3
DA:40,3
DA:44,1
DA:45,5
DA:58,1
DA:64,1
DA:66,1
DA:67,2
DA:74,1
DA:76,1
DA:78,1
DA:80,1
DA:82,0
DA:84,0
DA:91,1
DA:93,2
DA:94,1
DA:95,1
DA:96,1
DA:97,1
DA:101,1
DA:103,1
DA:104,1
DA:105,1
DA:115,1
DA:117,3
DA:120,1
DA:121,1
DA:122,1
DA:123,6
DA:124,6
DA:125,6
DA:131,1
DA:132,5
LF:51
LH:49
end_of_record
